[0m16:48:41.963738 [debug] [MainThread]: Sending event: {'category': 'dbt', 'action': 'invocation', 'label': 'start', 'context': [<snowplow_tracker.self_describing_json.SelfDescribingJson object at 0x11227acf0>, <snowplow_tracker.self_describing_json.SelfDescribingJson object at 0x11286f470>, <snowplow_tracker.self_describing_json.SelfDescribingJson object at 0x11286f080>]}


============================== 16:48:41.982655 | 01ce89b7-9d23-46f7-9705-4c5f5414fc76 ==============================
[0m16:48:41.982655 [info ] [MainThread]: Running with dbt=1.11.7
[0m16:48:41.982946 [debug] [MainThread]: running dbt with arguments {'printer_width': '80', 'quiet': 'False', 'fail_fast': 'False', 'log_path': 'logs', 'log_cache_events': 'False', 'target_path': 'None', 'send_anonymous_usage_stats': 'True', 'empty': 'None', 'use_colors': 'True', 'version_check': 'True', 'use_experimental_parser': 'False', 'log_format': 'default', 'invocation_command': 'dbt init', 'profiles_dir': '/Users/utsavkanani/.dbt', 'static_parser': 'True', 'write_json': 'True', 'no_print': 'None', 'partial_parse': 'True', 'warn_error_options': 'WarnErrorOptionsV2(error=[], warn=[], silence=[])', 'indirect_selection': 'eager', 'introspect': 'True', 'cache_selected_only': 'False', 'debug': 'False', 'warn_error': 'None'}
[0m16:49:50.692869 [debug] [MainThread]: Starter project path: /Users/utsavkanani/Desktop/DATA ANALYSTT/DBT/snowflake_dbt_project/.venv/lib/python3.12/site-packages/dbt/include/starter_project
[0m16:49:50.709737 [info ] [MainThread]: 
Your new dbt project "dbt_snowflake_project" was created!

For more information on how to configure the profiles.yml file,
please consult the dbt documentation here:

  https://docs.getdbt.com/docs/configure-your-profile

One more thing:

Need help? Don't hesitate to reach out to us via GitHub issues or on Slack:

  https://community.getdbt.com/

Happy modeling!

[0m16:49:50.710727 [info ] [MainThread]: Setting up your profile.
[0m16:50:19.846095 [debug] [MainThread]: Snowflake adapter: Setting snowflake.connector to ERROR (file logging only)
[0m16:50:19.846632 [debug] [MainThread]: Snowflake adapter: Setting botocore to ERROR (file logging only)
[0m16:50:19.846798 [debug] [MainThread]: Snowflake adapter: Setting boto3 to ERROR (file logging only)
[0m16:53:00.000485 [info ] [MainThread]: Profile dbt_snowflake_project written to /Users/utsavkanani/.dbt/profiles.yml using target's profile_template.yml and your supplied values. Run 'dbt debug' to validate the connection.
[0m16:53:00.032950 [debug] [MainThread]: Resource report: {"command_name": "init", "command_success": true, "command_wall_clock_time": 258.10092, "process_in_blocks": "0", "process_kernel_time": 0.549494, "process_mem_max_rss": "154370048", "process_out_blocks": "0", "process_user_time": 1.755611}
[0m16:53:00.035597 [debug] [MainThread]: Command `dbt init` succeeded at 16:53:00.035408 after 258.10 seconds
[0m16:53:00.036456 [debug] [MainThread]: Sending event: {'category': 'dbt', 'action': 'invocation', 'label': 'end', 'context': [<snowplow_tracker.self_describing_json.SelfDescribingJson object at 0x112825430>, <snowplow_tracker.self_describing_json.SelfDescribingJson object at 0x1129cac30>, <snowplow_tracker.self_describing_json.SelfDescribingJson object at 0x112b34bc0>]}
[0m16:53:00.037242 [debug] [MainThread]: Flushing usage events
[0m16:53:00.530216 [debug] [MainThread]: An error was encountered while trying to flush usage events
